0 verbose cli [
0 verbose cli   'C:\\Program Files\\nodejs\\node.exe',
0 verbose cli   'C:\\Program Files\\nodejs\\node_modules\\npm\\bin\\npm-cli.js',
0 verbose cli   'run',
0 verbose cli   'serve'
0 verbose cli ]
1 info using npm@7.10.0
2 info using node@v16.0.0
3 timing npm:load:whichnode Completed in 3ms
4 timing config:load:defaults Completed in 3ms
5 timing config:load:file:C:\Users\zarip\AppData\Roaming\nvm\v16.0.0\node_modules\npm\npmrc Completed in 1ms
6 timing config:load:builtin Completed in 1ms
7 timing config:load:cli Completed in 3ms
8 timing config:load:env Completed in 1ms
9 timing config:load:file:C:\WINDOWS\system32\.npmrc Completed in 1ms
10 timing config:load:project Completed in 3ms
11 timing config:load:file:C:\Users\zarip\.npmrc Completed in 2ms
12 timing config:load:user Completed in 2ms
13 timing config:load:file:C:\Program Files\nodejs\etc\npmrc Completed in 1ms
14 timing config:load:global Completed in 1ms
15 timing config:load:validate Completed in 1ms
16 timing config:load:setEnvs Completed in 1ms
17 timing config:load Completed in 17ms
18 timing npm:load:configload Completed in 17ms
19 timing npm:load:setTitle Completed in 0ms
20 timing npm:load:setupLog Completed in 2ms
21 timing npm:load:cleanupLog Completed in 4ms
22 timing npm:load:configScope Completed in 0ms
23 timing npm:load:projectScope Completed in 2ms
24 timing npm:load Completed in 28ms
25 timing config:load:flatten Completed in 3ms
26 timing command:run-script Completed in 2ms
27 verbose stack Error: ENOENT: no such file or directory, open 'C:\WINDOWS\system32\package.json'
28 verbose cwd C:\WINDOWS\system32
29 verbose Windows_NT 10.0.19045
30 verbose argv "C:\\Program Files\\nodejs\\node.exe" "C:\\Program Files\\nodejs\\node_modules\\npm\\bin\\npm-cli.js" "run" "serve"
31 verbose node v16.0.0
32 verbose npm  v7.10.0
33 error code ENOENT
34 error syscall open
35 error path C:\WINDOWS\system32/package.json
36 error errno -4058
37 error enoent ENOENT: no such file or directory, open 'C:\WINDOWS\system32\package.json'
38 error enoent This is related to npm not being able to find a file.
39 verbose exit -4058
