0 verbose cli C:\Program Files\nodejs\node.exe C:\Program Files\nodejs\node_modules\npm\bin\npm-cli.js
1 info using npm@10.9.2
2 info using node@v23.5.0
3 silly config load:file:C:\Users\zarip\AppData\Roaming\nvm\v23.5.0\node_modules\npm\npmrc
4 silly config load:file:C:\Users\zarip\Downloads\jd-homeworks-master\netology-diplom-frontend\.npmrc
5 silly config load:file:C:\Users\zarip\.npmrc
6 silly config load:file:C:\Program Files\nodejs\etc\npmrc
7 verbose title npm install
8 verbose argv "install"
9 verbose logfile logs-max:10 dir:C:\Users\zarip\AppData\Local\npm-cache\_logs\2024-12-28T17_15_45_898Z-
10 verbose logfile C:\Users\zarip\AppData\Local\npm-cache\_logs\2024-12-28T17_15_45_898Z-debug-0.log
11 silly logfile start cleaning logs, removing 1 files
12 silly logfile done cleaning log files
13 silly packumentCache heap:4345298944 maxSize:1086324736 maxEntrySize:543162368
14 silly idealTree buildDeps
15 warn EBADENGINE Unsupported engine {
15 warn EBADENGINE   package: '@achrinza/node-ipc@9.2.9',
15 warn EBADENGINE   required: {
15 warn EBADENGINE     node: '8 || 9 || 10 || 11 || 12 || 13 || 14 || 15 || 16 || 17 || 18 || 19 || 20 || 21 || 22'
15 warn EBADENGINE   },
15 warn EBADENGINE   current: { node: 'v23.5.0', npm: '10.9.2' }
15 warn EBADENGINE }
16 silly reify moves {}
17 silly audit bulk request {
17 silly audit   '@achrinza/node-ipc': [ '9.2.9' ],
17 silly audit   '@ampproject/remapping': [ '2.3.0' ],
17 silly audit   '@babel/code-frame': [ '7.25.7' ],
17 silly audit   '@babel/compat-data': [ '7.25.8' ],
17 silly audit   '@babel/core': [ '7.25.8' ],
17 silly audit   semver: [ '6.3.1', '5.7.2', '7.6.3' ],
17 silly audit   '@babel/generator': [ '7.25.7' ],
17 silly audit   '@babel/helper-annotate-as-pure': [ '7.25.7' ],
17 silly audit   '@babel/helper-builder-binary-assignment-operator-visitor': [ '7.25.7' ],
17 silly audit   '@babel/helper-compilation-targets': [ '7.25.7' ],
17 silly audit   '@babel/helper-create-class-features-plugin': [ '7.25.7' ],
17 silly audit   '@babel/helper-create-regexp-features-plugin': [ '7.25.7' ],
17 silly audit   '@babel/helper-define-polyfill-provider': [ '0.6.2' ],
17 silly audit   '@babel/helper-member-expression-to-functions': [ '7.25.7' ],
17 silly audit   '@babel/helper-module-imports': [ '7.25.7' ],
17 silly audit   '@babel/helper-module-transforms': [ '7.25.7' ],
17 silly audit   '@babel/helper-optimise-call-expression': [ '7.25.7' ],
17 silly audit   '@babel/helper-plugin-utils': [ '7.25.7' ],
17 silly audit   '@babel/helper-remap-async-to-generator': [ '7.25.7' ],
17 silly audit   '@babel/helper-replace-supers': [ '7.25.7' ],
17 silly audit   '@babel/helper-simple-access': [ '7.25.7' ],
17 silly audit   '@babel/helper-skip-transparent-expression-wrappers': [ '7.25.7' ],
17 silly audit   '@babel/helper-string-parser': [ '7.25.7' ],
17 silly audit   '@babel/helper-validator-identifier': [ '7.25.7' ],
17 silly audit   '@babel/helper-validator-option': [ '7.25.7' ],
17 silly audit   '@babel/helper-wrap-function': [ '7.25.7' ],
17 silly audit   '@babel/helpers': [ '7.25.7' ],
17 silly audit   '@babel/highlight': [ '7.25.7' ],
17 silly audit   '@babel/parser': [ '7.25.8' ],
17 silly audit   '@babel/plugin-bugfix-firefox-class-in-computed-class-key': [ '7.25.7' ],
17 silly audit   '@babel/plugin-bugfix-safari-class-field-initializer-scope': [ '7.25.7' ],
17 silly audit   '@babel/plugin-bugfix-safari-id-destructuring-collision-in-function-expression': [ '7.25.7' ],
17 silly audit   '@babel/plugin-bugfix-v8-spread-parameters-in-optional-chaining': [ '7.25.7' ],
17 silly audit   '@babel/plugin-bugfix-v8-static-class-fields-redefine-readonly': [ '7.25.7' ],
17 silly audit   '@babel/plugin-proposal-class-properties': [ '7.18.6' ],
17 silly audit   '@babel/plugin-proposal-decorators': [ '7.25.7' ],
17 silly audit   '@babel/plugin-proposal-private-property-in-object': [ '7.21.0-placeholder-for-preset-env.2' ],
17 silly audit   '@babel/plugin-syntax-decorators': [ '7.25.7' ],
17 silly audit   '@babel/plugin-syntax-dynamic-import': [ '7.8.3' ],
17 silly audit   '@babel/plugin-syntax-import-assertions': [ '7.25.7' ],
17 silly audit   '@babel/plugin-syntax-import-attributes': [ '7.25.7' ],
17 silly audit   '@babel/plugin-syntax-jsx': [ '7.25.7' ],
17 silly audit   '@babel/plugin-syntax-unicode-sets-regex': [ '7.18.6' ],
17 silly audit   '@babel/plugin-transform-arrow-functions': [ '7.25.7' ],
17 silly audit   '@babel/plugin-transform-async-generator-functions': [ '7.25.8' ],
17 silly audit   '@babel/plugin-transform-async-to-generator': [ '7.25.7' ],
17 silly audit   '@babel/plugin-transform-block-scoped-functions': [ '7.25.7' ],
17 silly audit   '@babel/plugin-transform-block-scoping': [ '7.25.7' ],
17 silly audit   '@babel/plugin-transform-class-properties': [ '7.25.7' ],
17 silly audit   '@babel/plugin-transform-class-static-block': [ '7.25.8' ],
17 silly audit   '@babel/plugin-transform-classes': [ '7.25.7' ],
17 silly audit   '@babel/plugin-transform-computed-properties': [ '7.25.7' ],
17 silly audit   '@babel/plugin-transform-destructuring': [ '7.25.7' ],
17 silly audit   '@babel/plugin-transform-dotall-regex': [ '7.25.7' ],
17 silly audit   '@babel/plugin-transform-duplicate-keys': [ '7.25.7' ],
17 silly audit   '@babel/plugin-transform-duplicate-named-capturing-groups-regex': [ '7.25.7' ],
17 silly audit   '@babel/plugin-transform-dynamic-import': [ '7.25.8' ],
17 silly audit   '@babel/plugin-transform-exponentiation-operator': [ '7.25.7' ],
17 silly audit   '@babel/plugin-transform-export-namespace-from': [ '7.25.8' ],
17 silly audit   '@babel/plugin-transform-for-of': [ '7.25.7' ],
17 silly audit   '@babel/plugin-transform-function-name': [ '7.25.7' ],
17 silly audit   '@babel/plugin-transform-json-strings': [ '7.25.8' ],
17 silly audit   '@babel/plugin-transform-literals': [ '7.25.7' ],
17 silly audit   '@babel/plugin-transform-logical-assignment-operators': [ '7.25.8' ],
17 silly audit   '@babel/plugin-transform-member-expression-literals': [ '7.25.7' ],
17 silly audit   '@babel/plugin-transform-modules-amd': [ '7.25.7' ],
17 silly audit   '@babel/plugin-transform-modules-commonjs': [ '7.25.7' ],
17 silly audit   '@babel/plugin-transform-modules-systemjs': [ '7.25.7' ],
17 silly audit   '@babel/plugin-transform-modules-umd': [ '7.25.7' ],
17 silly audit   '@babel/plugin-transform-named-capturing-groups-regex': [ '7.25.7' ],
17 silly audit   '@babel/plugin-transform-new-target': [ '7.25.7' ],
17 silly audit   '@babel/plugin-transform-nullish-coalescing-operator': [ '7.25.8' ],
17 silly audit   '@babel/plugin-transform-numeric-separator': [ '7.25.8' ],
17 silly audit   '@babel/plugin-transform-object-rest-spread': [ '7.25.8' ],
17 silly audit   '@babel/plugin-transform-object-super': [ '7.25.7' ],
17 silly audit   '@babel/plugin-transform-optional-catch-binding': [ '7.25.8' ],
17 silly audit   '@babel/plugin-transform-optional-chaining': [ '7.25.8' ],
17 silly audit   '@babel/plugin-transform-parameters': [ '7.25.7' ],
17 silly audit   '@babel/plugin-transform-private-methods': [ '7.25.7' ],
17 silly audit   '@babel/plugin-transform-private-property-in-object': [ '7.25.8' ],
17 silly audit   '@babel/plugin-transform-property-literals': [ '7.25.7' ],
17 silly audit   '@babel/plugin-transform-regenerator': [ '7.25.7' ],
17 silly audit   '@babel/plugin-transform-reserved-words': [ '7.25.7' ],
17 silly audit   '@babel/plugin-transform-runtime': [ '7.25.7' ],
17 silly audit   '@babel/plugin-transform-shorthand-properties': [ '7.25.7' ],
17 silly audit   '@babel/plugin-transform-spread': [ '7.25.7' ],
17 silly audit   '@babel/plugin-transform-sticky-regex': [ '7.25.7' ],
17 silly audit   '@babel/plugin-transform-template-literals': [ '7.25.7' ],
17 silly audit   '@babel/plugin-transform-typeof-symbol': [ '7.25.7' ],
17 silly audit   '@babel/plugin-transform-unicode-escapes': [ '7.25.7' ],
17 silly audit   '@babel/plugin-transform-unicode-property-regex': [ '7.25.7' ],
17 silly audit   '@babel/plugin-transform-unicode-regex': [ '7.25.7' ],
17 silly audit   '@babel/plugin-transform-unicode-sets-regex': [ '7.25.7' ],
17 silly audit   '@babel/preset-env': [ '7.25.8' ],
17 silly audit   '@babel/preset-modules': [ '0.1.6-no-external-plugins' ],
17 silly audit   '@babel/runtime': [ '7.25.7' ],
17 silly audit   '@babel/template': [ '7.25.7' ],
17 silly audit   '@babel/traverse': [ '7.25.7' ],
17 silly audit   '@babel/types': [ '7.25.8' ],
17 silly audit   '@discoveryjs/json-ext': [ '0.5.7' ],
17 silly audit   '@eslint-community/eslint-utils': [ '4.4.0' ],
17 silly audit   '@eslint-community/regexpp': [ '4.11.1' ],
17 silly audit   '@eslint/eslintrc': [ '2.1.4' ],
17 silly audit   globals: [ '13.24.0', '11.12.0' ],
17 silly audit   'type-fest': [ '0.20.2', '0.8.1', '0.6.0', '0.18.1' ],
17 silly audit   '@eslint/js': [ '8.57.1' ],
17 silly audit   '@gar/promisify': [ '1.1.3' ],
17 silly audit   '@hapi/hoek': [ '9.3.0' ],
17 silly audit   '@hapi/topo': [ '5.1.0' ],
17 silly audit   '@humanwhocodes/config-array': [ '0.13.0' ],
17 silly audit   '@humanwhocodes/module-importer': [ '1.0.1' ],
17 silly audit   '@humanwhocodes/object-schema': [ '2.0.3' ],
17 silly audit   '@jridgewell/gen-mapping': [ '0.3.5' ],
17 silly audit   '@jridgewell/resolve-uri': [ '3.1.2' ],
17 silly audit   '@jridgewell/set-array': [ '1.2.1' ],
17 silly audit   '@jridgewell/source-map': [ '0.3.6' ],
17 silly audit   '@jridgewell/sourcemap-codec': [ '1.5.0' ],
17 silly audit   '@jridgewell/trace-mapping': [ '0.3.25' ],
17 silly audit   '@leichtgewicht/ip-codec': [ '2.0.5' ],
17 silly audit   '@node-ipc/js-queue': [ '2.0.3' ],
17 silly audit   '@nodelib/fs.scandir': [ '2.1.5' ],
17 silly audit   '@nodelib/fs.stat': [ '2.0.5' ],
17 silly audit   '@nodelib/fs.walk': [ '1.2.8' ],
17 silly audit   '@npmcli/fs': [ '2.1.2', '1.1.1' ],
17 silly audit   '@npmcli/move-file': [ '2.0.1', '1.1.2' ],
17 silly audit   '@parcel/watcher': [ '2.5.0' ],
17 silly audit   '@parcel/watcher-android-arm64': [ '2.5.0' ],
17 silly audit   '@parcel/watcher-darwin-arm64': [ '2.5.0' ],
17 silly audit   '@parcel/watcher-darwin-x64': [ '2.5.0' ],
17 silly audit   '@parcel/watcher-freebsd-x64': [ '2.5.0' ],
17 silly audit   '@parcel/watcher-linux-arm-glibc': [ '2.5.0' ],
17 silly audit   '@parcel/watcher-linux-arm-musl': [ '2.5.0' ],
17 silly audit   '@parcel/watcher-linux-arm64-glibc': [ '2.5.0' ],
17 silly audit   '@parcel/watcher-linux-arm64-musl': [ '2.5.0' ],
17 silly audit   '@parcel/watcher-linux-x64-glibc': [ '2.5.0' ],
17 silly audit   '@parcel/watcher-linux-x64-musl': [ '2.5.0' ],
17 silly audit   '@parcel/watcher-win32-arm64': [ '2.5.0' ],
17 silly audit   '@parcel/watcher-win32-ia32': [ '2.5.0' ],
17 silly audit   '@parcel/watcher-win32-x64': [ '2.5.0' ],
17 silly audit   '@polka/url': [ '1.0.0-next.28' ],
17 silly audit   '@sideway/address': [ '4.1.5' ],
17 silly audit   '@sideway/formula': [ '3.0.1' ],
17 silly audit   '@sideway/pinpoint': [ '2.0.0' ],
17 silly audit   '@soda/friendly-errors-webpack-plugin': [ '1.8.1' ],
17 silly audit   'ansi-styles': [ '4.3.0', '3.2.1' ],
17 silly audit   chalk: [ '3.0.0', '4.1.2', '2.4.2' ],
17 silly audit   'color-convert': [ '2.0.1', '1.9.3' ],
17 silly audit   'color-name': [ '1.1.4', '1.1.3' ],
17 silly audit   'has-flag': [ '4.0.0', '3.0.0' ],
17 silly audit   'supports-color': [ '7.2.0', '8.1.1', '5.5.0' ],
17 silly audit   '@soda/get-current-script': [ '1.0.2' ],
17 silly audit   '@tootallnate/once': [ '2.0.0', '1.1.2' ],
17 silly audit   '@trysound/sax': [ '0.2.0' ],
17 silly audit   '@types/body-parser': [ '1.19.5' ],
17 silly audit   '@types/bonjour': [ '3.5.13' ],
17 silly audit   '@types/connect': [ '3.4.38' ],
17 silly audit   '@types/connect-history-api-fallback': [ '1.5.4' ],
17 silly audit   '@types/eslint': [ '8.56.12' ],
17 silly audit   '@types/estree': [ '1.0.6' ],
17 silly audit   '@types/express': [ '4.17.21' ],
17 silly audit   '@types/express-serve-static-core': [ '5.0.0', '4.19.6' ],
17 silly audit   '@types/html-minifier-terser': [ '6.1.0' ],
17 silly audit   '@types/http-errors': [ '2.0.4' ],
17 silly audit   '@types/http-proxy': [ '1.17.15' ],
17 silly audit   '@types/json-schema': [ '7.0.15' ],
17 silly audit   '@types/mime': [ '1.3.5' ],
17 silly audit   '@types/minimist': [ '1.2.5' ],
17 silly audit   '@types/node': [ '22.7.5' ],
17 silly audit   '@types/node-forge': [ '1.3.11' ],
17 silly audit   '@types/normalize-package-data': [ '2.4.4' ],
17 silly audit   '@types/parse-json': [ '4.0.2' ],
17 silly audit   '@types/qs': [ '6.9.16' ],
17 silly audit   '@types/range-parser': [ '1.2.7' ],
17 silly audit   '@types/retry': [ '0.12.0' ],
17 silly audit   '@types/semver': [ '7.5.8' ],
17 silly audit   '@types/send': [ '0.17.4' ],
17 silly audit   '@types/serve-index': [ '1.9.4' ],
17 silly audit   '@types/serve-static': [ '1.15.7' ],
17 silly audit   '@types/sockjs': [ '0.3.36' ],
17 silly audit   '@types/webpack-env': [ '1.18.5' ],
17 silly audit   '@types/ws': [ '8.5.12' ],
17 silly audit   '@typescript-eslint/eslint-plugin': [ '5.62.0' ],
17 silly audit   '@typescript-eslint/parser': [ '5.62.0' ],
17 silly audit   '@typescript-eslint/scope-manager': [ '5.62.0' ],
17 silly audit   '@typescript-eslint/type-utils': [ '5.62.0' ],
17 silly audit   '@typescript-eslint/types': [ '5.62.0' ],
17 silly audit   '@typescript-eslint/typescript-estree': [ '5.62.0' ],
17 silly audit   '@typescript-eslint/utils': [ '5.62.0' ],
17 silly audit   '@typescript-eslint/visitor-keys': [ '5.62.0' ],
17 silly audit   '@ungap/structured-clone': [ '1.2.0' ],
17 silly audit   '@vue/babel-helper-vue-jsx-merge-props': [ '1.4.0' ],
17 silly audit   '@vue/babel-helper-vue-transform-on': [ '1.2.5' ],
17 silly audit   '@vue/babel-plugin-jsx': [ '1.2.5' ],
17 silly audit   '@vue/babel-plugin-resolve-type': [ '1.2.5' ],
17 silly audit   '@vue/babel-plugin-transform-vue-jsx': [ '1.4.0' ],
17 silly audit   'html-tags': [ '2.0.0', '3.3.1' ],
17 silly audit   '@vue/babel-preset-app': [ '5.0.8' ],
17 silly audit   '@vue/babel-preset-jsx': [ '1.4.0' ],
17 silly audit   '@vue/babel-sugar-composition-api-inject-h': [ '1.4.0' ],
17 silly audit   '@vue/babel-sugar-composition-api-render-instance': [ '1.4.0' ],
17 silly audit   '@vue/babel-sugar-functional-vue': [ '1.4.0' ],
17 silly audit   '@vue/babel-sugar-inject-h': [ '1.4.0' ],
17 silly audit   '@vue/babel-sugar-v-model': [ '1.4.0' ],
17 silly audit   '@vue/babel-sugar-v-on': [ '1.4.0' ],
17 silly audit   '@vue/cli-overlay': [ '5.0.8' ],
17 silly audit   '@vue/cli-plugin-babel': [ '5.0.8' ],
17 silly audit   '@vue/cli-plugin-eslint': [ '5.0.8' ],
17 silly audit   '@vue/cli-plugin-router': [ '5.0.8' ],
17 silly audit   '@vue/cli-plugin-typescript': [ '5.0.8' ],
17 silly audit   '@vue/cli-plugin-vuex': [ '5.0.8' ],
17 silly audit   '@vue/cli-service': [ '5.0.8' ],
17 silly audit   '@vue/cli-shared-utils': [ '5.0.8' ],
17 silly audit   'lru-cache': [ '6.0.0', '4.1.5', '7.18.3', '5.1.1' ],
17 silly audit   yallist: [ '4.0.0', '2.1.2', '3.1.1' ],
17 silly audit   '@vue/compiler-core': [ '3.5.11' ],
17 silly audit   '@vue/compiler-dom': [ '3.5.11' ],
17 silly audit   '@vue/compiler-sfc': [ '3.5.11' ],
17 silly audit   '@vue/compiler-ssr': [ '3.5.11' ],
17 silly audit   '@vue/component-compiler-utils': [ '3.3.0' ],
17 silly audit   'hash-sum': [ '1.0.2', '2.0.0' ],
17 silly audit   picocolors: [ '0.2.1', '1.1.0' ],
17 silly audit   postcss: [ '7.0.39', '8.4.47' ],
17 silly audit   '@vue/devtools-api': [ '6.6.4' ],
17 silly audit   '@vue/eslint-config-typescript': [ '11.0.3' ],
17 silly audit   '@vue/reactivity': [ '3.5.11' ],
17 silly audit   '@vue/runtime-core': [ '3.5.11' ],
17 silly audit   '@vue/runtime-dom': [ '3.5.11' ],
17 silly audit   '@vue/server-renderer': [ '3.5.11' ],
17 silly audit   '@vue/shared': [ '3.5.11' ],
17 silly audit   'vue-loader': [ '15.11.1', '17.4.2' ],
17 silly audit   '@vue/web-component-wrapper': [ '1.3.0' ],
17 silly audit   '@webassemblyjs/ast': [ '1.12.1' ],
17 silly audit   '@webassemblyjs/floating-point-hex-parser': [ '1.11.6' ],
17 silly audit   '@webassemblyjs/helper-api-error': [ '1.11.6' ],
17 silly audit   '@webassemblyjs/helper-buffer': [ '1.12.1' ],
17 silly audit   '@webassemblyjs/helper-numbers': [ '1.11.6' ],
17 silly audit   '@webassemblyjs/helper-wasm-bytecode': [ '1.11.6' ],
17 silly audit   '@webassemblyjs/helper-wasm-section': [ '1.12.1' ],
17 silly audit   '@webassemblyjs/ieee754': [ '1.11.6' ],
17 silly audit   '@webassemblyjs/leb128': [ '1.11.6' ],
17 silly audit   '@webassemblyjs/utf8': [ '1.11.6' ],
17 silly audit   '@webassemblyjs/wasm-edit': [ '1.12.1' ],
17 silly audit   '@webassemblyjs/wasm-gen': [ '1.12.1' ],
17 silly audit   '@webassemblyjs/wasm-opt': [ '1.12.1' ],
17 silly audit   '@webassemblyjs/wasm-parser': [ '1.12.1' ],
17 silly audit   '@webassemblyjs/wast-printer': [ '1.12.1' ],
17 silly audit   '@xtuc/ieee754': [ '1.2.0' ],
17 silly audit   '@xtuc/long': [ '4.2.2' ],
17 silly audit   abbrev: [ '1.1.1' ],
17 silly audit   accepts: [ '1.3.8' ],
17 silly audit   acorn: [ '8.12.1' ],
17 silly audit   'acorn-import-attributes': [ '1.9.5' ],
17 silly audit   'acorn-jsx': [ '5.3.2' ],
17 silly audit   'acorn-walk': [ '8.3.4' ],
17 silly audit   address: [ '1.2.2' ],
17 silly audit   'agent-base': [ '6.0.2' ],
17 silly audit   agentkeepalive: [ '4.5.0' ],
17 silly audit   'aggregate-error': [ '3.1.0' ],
17 silly audit   ajv: [ '6.12.6', '8.17.1' ],
17 silly audit   'ajv-keywords': [ '3.5.2', '5.1.0' ],
17 silly audit   'ansi-escapes': [ '3.2.0' ],
17 silly audit   'ansi-html-community': [ '0.0.8' ],
17 silly audit   'ansi-regex': [ '5.0.1', '3.0.1' ],
17 silly audit   'any-promise': [ '1.3.0' ],
17 silly audit   anymatch: [ '3.1.3' ],
17 silly audit   aproba: [ '2.0.0' ],
17 silly audit   arch: [ '2.2.0' ],
17 silly audit   'are-we-there-yet': [ '3.0.1' ],
17 silly audit   argparse: [ '2.0.1' ],
17 silly audit   'array-flatten': [ '1.1.1' ],
17 silly audit   'array-union': [ '2.1.0' ],
17 silly audit   arrify: [ '1.0.1' ],
17 silly audit   async: [ '2.6.4' ],
17 silly audit   'async-foreach': [ '0.1.3' ],
17 silly audit   asynckit: [ '0.4.0' ],
17 silly audit   'at-least-node': [ '1.0.0' ],
17 silly audit   autoprefixer: [ '10.4.20' ],
17 silly audit   axios: [ '1.7.7' ],
17 silly audit   'babel-loader': [ '8.4.1' ],
17 silly audit   'loader-utils': [ '2.0.4', '1.4.2' ],
17 silly audit   'babel-plugin-dynamic-import-node': [ '2.3.3' ],
17 silly audit   'babel-plugin-polyfill-corejs2': [ '0.4.11' ],
17 silly audit   'babel-plugin-polyfill-corejs3': [ '0.10.6' ],
17 silly audit   'babel-plugin-polyfill-regenerator': [ '0.6.2' ],
17 silly audit   'balanced-match': [ '1.0.2' ],
17 silly audit   'base64-js': [ '1.5.1' ],
17 silly audit   batch: [ '0.6.1' ],
17 silly audit   'big.js': [ '5.2.2' ],
17 silly audit   'binary-extensions': [ '2.3.0' ],
17 silly audit   bl: [ '4.1.0' ],
17 silly audit   bluebird: [ '3.7.2' ],
17 silly audit   'body-parser': [ '1.20.3' ],
17 silly audit   bytes: [ '3.1.2', '3.0.0' ],
17 silly audit   debug: [ '2.6.9', '4.3.7', '3.2.7' ],
17 silly audit   'iconv-lite': [ '0.4.24', '0.6.3' ],
17 silly audit   ms: [ '2.0.0', '2.1.3' ],
17 silly audit   'bonjour-service': [ '1.2.1' ],
17 silly audit   boolbase: [ '1.0.0' ],
17 silly audit   'brace-expansion': [ '1.1.11', '2.0.1' ],
17 silly audit   braces: [ '3.0.3' ],
17 silly audit   'browser-cookies': [ '1.2.0' ],
17 silly audit   browserslist: [ '4.24.0' ],
17 silly audit   buffer: [ '5.7.1' ],
17 silly audit   'buffer-from': [ '1.1.2' ],
17 silly audit   cacache: [ '16.1.3', '15.3.0' ],
17 silly audit   glob: [ '8.1.0', '7.2.3', '7.1.7' ],
17 silly audit   minimatch: [ '5.1.6', '3.0.8', '3.1.2' ],
17 silly audit   ssri: [ '9.0.1', '8.0.1' ],
17 silly audit   'call-bind': [ '1.0.7' ],
17 silly audit   callsites: [ '3.1.0' ],
17 silly audit   'camel-case': [ '4.1.2' ],
17 silly audit   camelcase: [ '5.3.1' ],
17 silly audit   'camelcase-keys': [ '6.2.2' ],
17 silly audit   'caniuse-api': [ '3.0.0' ],
17 silly audit   'caniuse-lite': [ '1.0.30001667' ],
17 silly audit   'case-sensitive-paths-webpack-plugin': [ '2.4.0' ],
17 silly audit   chokidar: [ '3.6.0', '4.0.3' ],
17 silly audit   'glob-parent': [ '5.1.2', '6.0.2' ],
17 silly audit   chownr: [ '2.0.0' ],
17 silly audit   'chrome-trace-event': [ '1.0.4' ],
17 silly audit   'ci-info': [ '1.6.0' ],
17 silly audit   'clean-css': [ '5.3.3' ],
17 silly audit   'clean-stack': [ '2.2.0' ],
17 silly audit   'cli-cursor': [ '3.1.0', '2.1.0' ],
17 silly audit   'cli-highlight': [ '2.1.11' ],
17 silly audit   'cli-spinners': [ '2.9.2' ],
17 silly audit   clipboardy: [ '2.3.0' ],
17 silly audit   cliui: [ '7.0.4', '8.0.1' ],
17 silly audit   clone: [ '1.0.4' ],
17 silly audit   'clone-deep': [ '4.0.1' ],
17 silly audit   'color-support': [ '1.1.3' ],
17 silly audit   colord: [ '2.9.3' ],
17 silly audit   colorette: [ '2.0.20' ],
17 silly audit   'combined-stream': [ '1.0.8' ],
17 silly audit   commander: [ '10.0.1', '8.3.0', '7.2.0', '2.20.3' ],
17 silly audit   commondir: [ '1.0.1' ],
17 silly audit   compressible: [ '2.0.18' ],
17 silly audit   compression: [ '1.7.4' ],
17 silly audit   'safe-buffer': [ '5.1.2', '5.2.1' ],
17 silly audit   'concat-map': [ '0.0.1' ],
17 silly audit   'connect-history-api-fallback': [ '2.0.0' ],
17 silly audit   'console-control-strings': [ '1.1.0' ],
17 silly audit   consolidate: [ '0.15.1' ],
17 silly audit   'content-disposition': [ '0.5.4' ],
17 silly audit   'content-type': [ '1.0.5' ],
17 silly audit   'convert-source-map': [ '2.0.0' ],
17 silly audit   cookie: [ '0.7.1' ],
17 silly audit   'cookie-signature': [ '1.0.6' ],
17 silly audit   'copy-webpack-plugin': [ '9.1.0' ],
17 silly audit   'schema-utils': [ '3.3.0', '4.2.0', '2.7.0', '2.7.1' ],
17 silly audit   'core-js': [ '3.38.1' ],
17 silly audit   'core-js-compat': [ '3.38.1' ],
17 silly audit   'core-util-is': [ '1.0.3' ],
17 silly audit   cosmiconfig: [ '6.0.0', '7.1.0' ],
17 silly audit   'cross-spawn': [ '7.0.3', '6.0.5', '5.1.0' ],
17 silly audit   'css-declaration-sorter': [ '6.4.1' ],
17 silly audit   'css-loader': [ '6.11.0' ],
17 silly audit   'css-minimizer-webpack-plugin': [ '3.4.1' ],
17 silly audit   'ajv-formats': [ '2.1.1' ],
17 silly audit   'json-schema-traverse': [ '1.0.0', '0.4.1' ],
17 silly audit   'css-select': [ '4.3.0' ],
17 silly audit   'css-tree': [ '1.1.3' ],
17 silly audit   'css-what': [ '6.1.0' ],
17 silly audit   cssesc: [ '3.0.0' ],
17 silly audit   cssnano: [ '5.1.15' ],
17 silly audit   'cssnano-preset-default': [ '5.2.14' ],
17 silly audit   'cssnano-utils': [ '3.1.0' ],
17 silly audit   csso: [ '4.2.0' ],
17 silly audit   csstype: [ '3.1.3' ],
17 silly audit   debounce: [ '1.2.1' ],
17 silly audit   decamelize: [ '1.2.0' ],
17 silly audit   'decamelize-keys': [ '1.1.1' ],
17 silly audit   'map-obj': [ '1.0.1', '4.3.0' ],
17 silly audit   'deep-is': [ '0.1.4' ],
17 silly audit   deepmerge: [ '4.3.1', '1.5.2' ],
17 silly audit   'default-gateway': [ '6.0.3' ],
17 silly audit   execa: [ '5.1.1', '1.0.0', '0.8.0' ],
17 silly audit   'get-stream': [ '6.0.1', '4.1.0', '3.0.0' ],
17 silly audit   'is-stream': [ '2.0.1', '1.1.0' ],
17 silly audit   'npm-run-path': [ '4.0.1', '2.0.2' ],
17 silly audit   defaults: [ '1.0.4' ],
17 silly audit   'define-data-property': [ '1.1.4' ],
17 silly audit   'define-lazy-prop': [ '2.0.0' ],
17 silly audit   'define-properties': [ '1.2.1' ],
17 silly audit   'delayed-stream': [ '1.0.0' ],
17 silly audit   delegates: [ '1.0.0' ],
17 silly audit   depd: [ '2.0.0', '1.1.2' ],
17 silly audit   destroy: [ '1.2.0' ],
17 silly audit   'detect-libc': [ '1.0.3' ],
17 silly audit   'detect-node': [ '2.1.0' ],
17 silly audit   'dir-glob': [ '3.0.1' ],
17 silly audit   'dns-packet': [ '5.6.1' ],
17 silly audit   doctrine: [ '3.0.0' ],
17 silly audit   'dom-converter': [ '0.2.0' ],
17 silly audit   'dom-serializer': [ '1.4.1' ],
17 silly audit   entities: [ '2.2.0', '4.5.0' ],
17 silly audit   domelementtype: [ '2.3.0' ],
17 silly audit   domhandler: [ '4.3.1' ],
17 silly audit   domutils: [ '2.8.0' ],
17 silly audit   'dot-case': [ '3.0.4' ],
17 silly audit   dotenv: [ '10.0.0' ],
17 silly audit   'dotenv-expand': [ '5.1.0' ],
17 silly audit   duplexer: [ '0.1.2' ],
17 silly audit   'easy-stack': [ '1.0.1' ],
17 silly audit   'ee-first': [ '1.1.1' ],
17 silly audit   'electron-to-chromium': [ '1.5.35' ],
17 silly audit   'emoji-regex': [ '8.0.0' ],
17 silly audit   'emojis-list': [ '3.0.0' ],
17 silly audit   encodeurl: [ '2.0.0', '1.0.2' ],
17 silly audit   encoding: [ '0.1.13' ],
17 silly audit   'end-of-stream': [ '1.4.4' ],
17 silly audit   'enhanced-resolve': [ '5.17.1' ],
17 silly audit   tapable: [ '2.2.1', '1.1.3' ],
17 silly audit   'env-paths': [ '2.2.1' ],
17 silly audit   'err-code': [ '2.0.3' ],
17 silly audit   'error-ex': [ '1.3.2' ],
17 silly audit   'error-stack-parser': [ '2.1.4' ],
17 silly audit   'es-define-property': [ '1.0.0' ],
17 silly audit   'es-errors': [ '1.3.0' ],
17 silly audit   'es-module-lexer': [ '1.5.4' ],
17 silly audit   escalade: [ '3.2.0' ],
17 silly audit   'escape-html': [ '1.0.3' ],
17 silly audit   'escape-string-regexp': [ '1.0.5', '4.0.0' ],
17 silly audit   eslint: [ '8.57.1' ],
17 silly audit   'eslint-plugin-vue': [ '9.28.0' ],
17 silly audit   'eslint-scope': [ '5.1.1', '7.2.2' ],
17 silly audit   'eslint-visitor-keys': [ '3.4.3' ],
17 silly audit   'eslint-webpack-plugin': [ '3.2.0' ],
17 silly audit   'jest-worker': [ '28.1.3', '27.5.1' ],
17 silly audit   estraverse: [ '5.3.0', '4.3.0' ],
17 silly audit   espree: [ '9.6.1' ],
17 silly audit   esquery: [ '1.6.0' ],
17 silly audit   esrecurse: [ '4.3.0' ],
17 silly audit   'estree-walker': [ '2.0.2' ],
17 silly audit   esutils: [ '2.0.3' ],
17 silly audit   etag: [ '1.8.1' ],
17 silly audit   'event-pubsub': [ '4.3.0' ],
17 silly audit   eventemitter3: [ '4.0.7' ],
17 silly audit   events: [ '3.3.0' ],
17 silly audit   'path-key': [ '2.0.1', '3.1.1' ],
17 silly audit   'shebang-command': [ '1.2.0', '2.0.0' ],
17 silly audit   'shebang-regex': [ '1.0.0', '3.0.0' ],
17 silly audit   which: [ '1.3.1', '2.0.2' ],
17 silly audit   express: [ '4.21.1' ],
17 silly audit   'fast-deep-equal': [ '3.1.3' ],
17 silly audit   'fast-glob': [ '3.3.2' ],
17 silly audit   'fast-json-stable-stringify': [ '2.1.0' ],
17 silly audit   'fast-levenshtein': [ '2.0.6' ],
17 silly audit   'fast-uri': [ '3.0.2' ],
17 silly audit   fastq: [ '1.17.1' ],
17 silly audit   'faye-websocket': [ '0.11.4' ],
17 silly audit   figures: [ '2.0.0' ],
17 silly audit   'file-entry-cache': [ '6.0.1' ],
17 silly audit   'fill-range': [ '7.1.1' ],
17 silly audit   finalhandler: [ '1.3.1' ],
17 silly audit   'find-cache-dir': [ '3.3.2' ],
17 silly audit   'find-up': [ '5.0.0', '4.1.0' ],
17 silly audit   flat: [ '5.0.2' ],
17 silly audit   'flat-cache': [ '3.2.0' ],
17 silly audit   flatted: [ '3.3.1' ],
17 silly audit   'follow-redirects': [ '1.15.9' ],
17 silly audit   'fork-ts-checker-webpack-plugin': [ '6.5.3' ],
17 silly audit   'form-data': [ '4.0.1' ],
17 silly audit   forwarded: [ '0.2.0' ],
17 silly audit   'fraction.js': [ '4.3.7' ],
17 silly audit   fresh: [ '0.5.2' ],
17 silly audit   'fs-extra': [ '9.1.0' ],
17 silly audit   'fs-minipass': [ '2.1.0' ],
17 silly audit   'fs-monkey': [ '1.0.6' ],
17 silly audit   'fs.realpath': [ '1.0.0' ],
17 silly audit   fsevents: [ '2.3.3' ],
17 silly audit   'function-bind': [ '1.1.2' ],
17 silly audit   gauge: [ '4.0.4' ],
17 silly audit   gaze: [ '1.1.3' ],
17 silly audit   gensync: [ '1.0.0-beta.2' ],
17 silly audit   'get-caller-file': [ '2.0.5' ],
17 silly audit   'get-intrinsic': [ '1.2.4' ],
17 silly audit   'get-stdin': [ '4.0.1' ],
17 silly audit   'glob-to-regexp': [ '0.4.1' ],
17 silly audit   globby: [ '11.1.0' ],
17 silly audit   globule: [ '1.3.4' ],
17 silly audit   gopd: [ '1.0.1' ],
17 silly audit   'graceful-fs': [ '4.2.11' ],
17 silly audit   graphemer: [ '1.4.0' ],
17 silly audit   'gzip-size': [ '6.0.0' ],
17 silly audit   'handle-thing': [ '2.0.1' ],
17 silly audit   'hard-rejection': [ '2.1.0' ],
17 silly audit   'has-property-descriptors': [ '1.0.2' ],
17 silly audit   'has-proto': [ '1.0.3' ],
17 silly audit   'has-symbols': [ '1.0.3' ],
17 silly audit   'has-unicode': [ '2.0.1' ],
17 silly audit   hasown: [ '2.0.2' ],
17 silly audit   he: [ '1.2.0' ],
17 silly audit   'highlight.js': [ '10.7.3' ],
17 silly audit   'hosted-git-info': [ '4.1.0', '2.8.9' ],
17 silly audit   'hpack.js': [ '2.1.6' ],
17 silly audit   'readable-stream': [ '2.3.8', '3.6.2' ],
17 silly audit   string_decoder: [ '1.1.1', '1.3.0' ],
17 silly audit   'html-entities': [ '2.5.2' ],
17 silly audit   'html-escaper': [ '2.0.2' ],
17 silly audit   'html-loader': [ '4.2.0' ],
17 silly audit   parse5: [ '7.1.2', '5.1.1', '6.0.1' ],
17 silly audit   'html-minifier-terser': [ '7.2.0', '6.1.0' ],
17 silly audit   'html-webpack-plugin': [ '5.6.0' ],
17 silly audit   htmlparser2: [ '6.1.0' ],
17 silly audit   'http-cache-semantics': [ '4.1.1' ],
17 silly audit   'http-deceiver': [ '1.2.7' ],
17 silly audit   'http-errors': [ '2.0.0', '1.6.3' ],
17 silly audit   'http-parser-js': [ '0.5.8' ],
17 silly audit   'http-proxy': [ '1.18.1' ],
17 silly audit   'http-proxy-agent': [ '5.0.0', '4.0.1' ],
17 silly audit   'http-proxy-middleware': [ '2.0.7' ],
17 silly audit   'is-plain-obj': [ '3.0.0', '1.1.0' ],
17 silly audit   'https-proxy-agent': [ '5.0.1' ],
17 silly audit   'human-signals': [ '2.1.0' ],
17 silly audit   'humanize-ms': [ '1.2.1' ],
17 silly audit   'icss-utils': [ '5.1.0' ],
17 silly audit   ieee754: [ '1.2.1' ],
17 silly audit   ignore: [ '5.3.2' ],
17 silly audit   immutable: [ '5.0.3' ],
17 silly audit   'import-fresh': [ '3.3.0' ],
17 silly audit   imurmurhash: [ '0.1.4' ],
17 silly audit   'indent-string': [ '4.0.0' ],
17 silly audit   'infer-owner': [ '1.0.4' ],
17 silly audit   inflight: [ '1.0.6' ],
17 silly audit   inherits: [ '2.0.4', '2.0.3' ],
17 silly audit   'ip-address': [ '9.0.5' ],
17 silly audit   'ipaddr.js': [ '2.2.0', '1.9.1' ],
17 silly audit   'is-arrayish': [ '0.2.1' ],
17 silly audit   'is-binary-path': [ '2.1.0' ],
17 silly audit   'is-ci': [ '1.2.1' ],
17 silly audit   'is-core-module': [ '2.15.1' ],
17 silly audit   'is-docker': [ '2.2.1' ],
17 silly audit   'is-extglob': [ '2.1.1' ],
17 silly audit   'is-file-esm': [ '1.0.0' ],
17 silly audit   'is-fullwidth-code-point': [ '3.0.0', '2.0.0' ],
17 silly audit   'is-glob': [ '4.0.3' ],
17 silly audit   'is-interactive': [ '1.0.0' ],
17 silly audit   'is-lambda': [ '1.0.1' ],
17 silly audit   'is-number': [ '7.0.0' ],
17 silly audit   'is-path-inside': [ '3.0.3' ],
17 silly audit   'is-plain-object': [ '2.0.4' ],
17 silly audit   'is-unicode-supported': [ '0.1.0' ],
17 silly audit   'is-wsl': [ '2.2.0' ],
17 silly audit   isarray: [ '1.0.0' ],
17 silly audit   isexe: [ '2.0.0' ],
17 silly audit   isobject: [ '3.0.1' ],
17 silly audit   'javascript-stringify': [ '2.1.0' ],
17 silly audit   joi: [ '17.13.3' ],
17 silly audit   'js-base64': [ '2.6.4' ],
17 silly audit   'js-message': [ '1.0.7' ],
17 silly audit   'js-tokens': [ '4.0.0' ],
17 silly audit   'js-yaml': [ '4.1.0' ],
17 silly audit   jsbn: [ '1.1.0' ],
17 silly audit   jsesc: [ '3.0.2' ],
17 silly audit   'json-buffer': [ '3.0.1' ],
17 silly audit   'json-parse-better-errors': [ '1.0.2' ],
17 silly audit   'json-parse-even-better-errors': [ '2.3.1' ],
17 silly audit   'json-stable-stringify-without-jsonify': [ '1.0.1' ],
17 silly audit   json5: [ '2.2.3', '1.0.2' ],
17 silly audit   jsonfile: [ '6.1.0' ],
17 silly audit   keyv: [ '4.5.4' ],
17 silly audit   'kind-of': [ '6.0.3' ],
17 silly audit   klona: [ '2.0.6' ],
17 silly audit   'launch-editor': [ '2.9.1' ],
17 silly audit   'launch-editor-middleware': [ '2.9.1' ],
17 silly audit   levn: [ '0.4.1' ],
17 silly audit   lilconfig: [ '2.1.0' ],
17 silly audit   'lines-and-columns': [ '1.2.4' ],
17 silly audit   'loader-runner': [ '4.3.0' ],
17 silly audit   'locate-path': [ '6.0.0', '5.0.0' ],
17 silly audit   lodash: [ '4.17.21' ],
17 silly audit   'lodash.debounce': [ '4.0.8' ],
17 silly audit   'lodash.defaultsdeep': [ '4.6.1' ],
17 silly audit   'lodash.kebabcase': [ '4.1.1' ],
17 silly audit   'lodash.mapvalues': [ '4.6.0' ],
17 silly audit   'lodash.memoize': [ '4.1.2' ],
17 silly audit   'lodash.merge': [ '4.6.2' ],
17 silly audit   'lodash.uniq': [ '4.5.0' ],
17 silly audit   'log-symbols': [ '4.1.0' ],
17 silly audit   'log-update': [ '2.3.0' ],
17 silly audit   'mimic-fn': [ '1.2.0', '2.1.0' ],
17 silly audit   onetime: [ '2.0.1', '5.1.2' ],
17 silly audit   'restore-cursor': [ '2.0.0', '3.1.0' ],
17 silly audit   'string-width': [ '2.1.1', '4.2.3' ],
17 silly audit   'strip-ansi': [ '4.0.0', '6.0.1' ],
17 silly audit   'wrap-ansi': [ '3.0.1', '7.0.0' ],
17 silly audit   'lower-case': [ '2.0.2' ],
17 silly audit   'magic-string': [ '0.30.11' ],
17 silly audit   'make-dir': [ '3.1.0' ],
17 silly audit   'make-fetch-happen': [ '10.2.1', '9.1.0' ],
17 silly audit   'mdn-data': [ '2.0.14' ],
17 silly audit   'media-typer': [ '0.3.0' ],
17 silly audit   memfs: [ '3.5.3' ],
17 silly audit   meow: [ '9.0.0' ],
17 silly audit   'merge-descriptors': [ '1.0.3' ],
17 silly audit   'merge-source-map': [ '1.1.0' ],
17 silly audit   'merge-stream': [ '2.0.0' ],
17 silly audit   merge2: [ '1.4.1' ],
17 silly audit   methods: [ '1.1.2' ],
17 silly audit   micromatch: [ '4.0.8' ],
17 silly audit   mime: [ '1.6.0' ],
17 silly audit   'mime-db': [ '1.52.0' ],
17 silly audit   'mime-types': [ '2.1.35' ],
17 silly audit   'min-indent': [ '1.0.1' ],
17 silly audit   'mini-css-extract-plugin': [ '2.9.1' ],
17 silly audit   'minimalistic-assert': [ '1.0.1' ],
17 silly audit   minimist: [ '1.2.8' ],
17 silly audit   'minimist-options': [ '4.1.0' ],
17 silly audit   minipass: [ '3.3.6', '5.0.0' ],
17 silly audit   'minipass-collect': [ '1.0.2' ],
17 silly audit   'minipass-fetch': [ '2.1.2', '1.4.1' ],
17 silly audit   'minipass-flush': [ '1.0.5' ],
17 silly audit   'minipass-pipeline': [ '1.2.4' ],
17 silly audit   'minipass-sized': [ '1.0.3' ],
17 silly audit   minizlib: [ '2.1.2' ],
17 silly audit   mkdirp: [ '1.0.4', '0.5.6' ],
17 silly audit   'module-alias': [ '2.2.3' ],
17 silly audit   moment: [ '2.30.1' ],
17 silly audit   mrmime: [ '2.0.0' ],
17 silly audit   'multicast-dns': [ '7.2.5' ],
17 silly audit   mz: [ '2.7.0' ],
17 silly audit   nan: [ '2.21.0' ],
17 silly audit   nanoid: [ '3.3.7' ],
17 silly audit   'natural-compare': [ '1.4.0' ],
17 silly audit   'natural-compare-lite': [ '1.4.0' ],
17 silly audit   negotiator: [ '0.6.3' ],
17 silly audit   'neo-async': [ '2.6.2' ],
17 silly audit   'nice-try': [ '1.0.5' ],
17 silly audit   'no-case': [ '3.0.4' ],
17 silly audit   'node-addon-api': [ '7.1.1' ],
17 silly audit   'node-fetch': [ '2.7.0' ],
17 silly audit   'node-forge': [ '1.3.1' ],
17 silly audit   'node-gyp': [ '8.4.1' ],
17 silly audit   'socks-proxy-agent': [ '6.2.1', '7.0.0' ],
17 silly audit   'unique-filename': [ '1.1.1', '2.0.1' ],
17 silly audit   'unique-slug': [ '2.0.2', '3.0.0' ],
17 silly audit   'node-releases': [ '2.0.18' ],
17 silly audit   'node-sass': [ '8.0.0' ],
17 silly audit   nopt: [ '5.0.0' ],
17 silly audit   'normalize-package-data': [ '3.0.3', '2.5.0' ],
17 silly audit   'normalize-path': [ '3.0.0', '1.0.0' ],
17 silly audit   'normalize-range': [ '0.1.2' ],
17 silly audit   'normalize-url': [ '6.1.0' ],
17 silly audit   npmlog: [ '6.0.2' ],
17 silly audit   'nth-check': [ '2.1.1' ],
17 silly audit   'object-assign': [ '4.1.1' ],
17 silly audit   'object-inspect': [ '1.13.2' ],
17 silly audit   'object-keys': [ '1.1.1' ],
17 silly audit   'object.assign': [ '4.1.5' ],
17 silly audit   obuf: [ '1.1.2' ],
17 silly audit   'on-finished': [ '2.4.1' ],
17 silly audit   'on-headers': [ '1.0.2' ],
17 silly audit   once: [ '1.4.0' ],
17 silly audit   open: [ '8.4.2' ],
17 silly audit   opener: [ '1.5.2' ],
17 silly audit   optionator: [ '0.9.4' ],
17 silly audit   ora: [ '5.4.1' ],
17 silly audit   'p-finally': [ '1.0.0' ],
17 silly audit   'p-limit': [ '3.1.0', '2.3.0' ],
17 silly audit   'p-locate': [ '5.0.0', '4.1.0' ],
17 silly audit   'p-map': [ '4.0.0' ],
17 silly audit   'p-retry': [ '4.6.2' ],
17 silly audit   retry: [ '0.13.1', '0.12.0' ],
17 silly audit   'p-try': [ '2.2.0' ],
17 silly audit   'param-case': [ '3.0.4' ],
17 silly audit   'parent-module': [ '1.0.1' ],
17 silly audit   'parse-json': [ '5.2.0' ],
17 silly audit   'parse5-htmlparser2-tree-adapter': [ '6.0.1' ],
17 silly audit   parseurl: [ '1.3.3' ],
17 silly audit   'pascal-case': [ '3.1.2' ],
17 silly audit   'path-exists': [ '4.0.0' ],
17 silly audit   'path-is-absolute': [ '1.0.1' ],
17 silly audit   'path-parse': [ '1.0.7' ],
17 silly audit   'path-to-regexp': [ '0.1.10' ],
17 silly audit   'path-type': [ '4.0.0' ],
17 silly audit   picomatch: [ '2.3.1' ],
17 silly audit   'pkg-dir': [ '4.2.0' ],
17 silly audit   portfinder: [ '1.0.32' ],
17 silly audit   'postcss-calc': [ '8.2.4' ],
17 silly audit   'postcss-colormin': [ '5.3.1' ],
17 silly audit   'postcss-convert-values': [ '5.1.3' ],
17 silly audit   'postcss-discard-comments': [ '5.1.2' ],
17 silly audit   'postcss-discard-duplicates': [ '5.1.0' ],
17 silly audit   'postcss-discard-empty': [ '5.1.1' ],
17 silly audit   'postcss-discard-overridden': [ '5.1.0' ],
17 silly audit   'postcss-loader': [ '6.2.1' ],
17 silly audit   'postcss-merge-longhand': [ '5.1.7' ],
17 silly audit   'postcss-merge-rules': [ '5.1.4' ],
17 silly audit   'postcss-minify-font-values': [ '5.1.0' ],
17 silly audit   'postcss-minify-gradients': [ '5.1.1' ],
17 silly audit   'postcss-minify-params': [ '5.1.4' ],
17 silly audit   'postcss-minify-selectors': [ '5.2.1' ],
17 silly audit   'postcss-modules-extract-imports': [ '3.1.0' ],
17 silly audit   'postcss-modules-local-by-default': [ '4.0.5' ],
17 silly audit   'postcss-modules-scope': [ '3.2.0' ],
17 silly audit   'postcss-modules-values': [ '4.0.0' ],
17 silly audit   'postcss-normalize-charset': [ '5.1.0' ],
17 silly audit   'postcss-normalize-display-values': [ '5.1.0' ],
17 silly audit   'postcss-normalize-positions': [ '5.1.1' ],
17 silly audit   'postcss-normalize-repeat-style': [ '5.1.1' ],
17 silly audit   'postcss-normalize-string': [ '5.1.0' ],
17 silly audit   'postcss-normalize-timing-functions': [ '5.1.0' ],
17 silly audit   'postcss-normalize-unicode': [ '5.1.1' ],
17 silly audit   'postcss-normalize-url': [ '5.1.0' ],
17 silly audit   'postcss-normalize-whitespace': [ '5.1.1' ],
17 silly audit   'postcss-ordered-values': [ '5.1.3' ],
17 silly audit   'postcss-reduce-initial': [ '5.1.2' ],
17 silly audit   'postcss-reduce-transforms': [ '5.1.0' ],
17 silly audit   'postcss-selector-parser': [ '6.1.2' ],
17 silly audit   'postcss-svgo': [ '5.1.0' ],
17 silly audit   'postcss-unique-selectors': [ '5.1.1' ],
17 silly audit   'postcss-value-parser': [ '4.2.0' ],
17 silly audit   'prelude-ls': [ '1.2.1' ],
17 silly audit   prettier: [ '2.8.8' ],
17 silly audit   'pretty-error': [ '4.0.0' ],
17 silly audit   'process-nextick-args': [ '2.0.1' ],
17 silly audit   'progress-webpack-plugin': [ '1.0.16' ],
17 silly audit   'promise-inflight': [ '1.0.1' ],
17 silly audit   'promise-retry': [ '2.0.1' ],
17 silly audit   'proxy-addr': [ '2.0.7' ],
17 silly audit   'proxy-from-env': [ '1.1.0' ],
17 silly audit   pseudomap: [ '1.0.2' ],
17 silly audit   pump: [ '3.0.2' ],
17 silly audit   punycode: [ '2.3.1' ],
17 silly audit   qs: [ '6.13.0' ],
17 silly audit   'queue-microtask': [ '1.2.3' ],
17 silly audit   'quick-lru': [ '4.0.1' ],
17 silly audit   randombytes: [ '2.1.0' ],
17 silly audit   'range-parser': [ '1.2.1' ],
17 silly audit   'raw-body': [ '2.5.2' ],
17 silly audit   'read-pkg': [ '5.2.0' ],
17 silly audit   'read-pkg-up': [ '7.0.1' ],
17 silly audit   readdirp: [ '3.6.0', '4.0.2' ],
17 silly audit   redent: [ '3.0.0' ],
17 silly audit   regenerate: [ '1.4.2' ],
17 silly audit   'regenerate-unicode-properties': [ '10.2.0' ],
17 silly audit   'regenerator-runtime': [ '0.14.1' ],
17 silly audit   'regenerator-transform': [ '0.15.2' ],
17 silly audit   'regexpu-core': [ '6.1.1' ],
17 silly audit   regjsgen: [ '0.8.0' ],
17 silly audit   regjsparser: [ '0.11.1' ],
17 silly audit   relateurl: [ '0.2.7' ],
17 silly audit   renderkid: [ '3.0.0' ],
17 silly audit   'require-directory': [ '2.1.1' ],
17 silly audit   'require-from-string': [ '2.0.2' ],
17 silly audit   'requires-port': [ '1.0.0' ],
17 silly audit   resolve: [ '1.22.8' ],
17 silly audit   'resolve-from': [ '4.0.0' ],
17 silly audit   reusify: [ '1.0.4' ],
17 silly audit   rimraf: [ '3.0.2' ],
17 silly audit   'run-parallel': [ '1.2.0' ],
17 silly audit   'safer-buffer': [ '2.1.2' ],
17 silly audit   sass: [ '1.83.0' ],
17 silly audit   'sass-graph': [ '4.0.1' ],
17 silly audit   yargs: [ '17.7.2', '16.2.0' ],
17 silly audit   'yargs-parser': [ '21.1.1', '20.2.9' ],
17 silly audit   'sass-loader': [ '13.3.3' ],
17 silly audit   'scss-tokenizer': [ '0.4.3' ],
17 silly audit   'source-map': [ '0.7.4', '0.6.1' ],
17 silly audit   'select-hose': [ '2.0.0' ],
17 silly audit   selfsigned: [ '2.4.1' ],
17 silly audit   send: [ '0.19.0' ],
17 silly audit   'serialize-javascript': [ '6.0.2' ],
17 silly audit   'serve-index': [ '1.9.1' ],
17 silly audit   setprototypeof: [ '1.1.0', '1.2.0' ],
17 silly audit   statuses: [ '1.5.0', '2.0.1' ],
17 silly audit   'serve-static': [ '1.16.2' ],
17 silly audit   'set-blocking': [ '2.0.0' ],
17 silly audit   'set-function-length': [ '1.2.2' ],
17 silly audit   'shallow-clone': [ '3.0.1' ],
17 silly audit   'shell-quote': [ '1.8.1' ],
17 silly audit   'side-channel': [ '1.0.6' ],
17 silly audit   'signal-exit': [ '3.0.7' ],
17 silly audit   sirv: [ '2.0.4' ],
17 silly audit   slash: [ '3.0.0' ],
17 silly audit   'smart-buffer': [ '4.2.0' ],
17 silly audit   sockjs: [ '0.3.24' ],
17 silly audit   socks: [ '2.8.3' ],
17 silly audit   'source-map-js': [ '1.2.1' ],
17 silly audit   'source-map-support': [ '0.5.21' ],
17 silly audit   'spdx-correct': [ '3.2.0' ],
17 silly audit   'spdx-exceptions': [ '2.5.0' ],
17 silly audit   'spdx-expression-parse': [ '3.0.1' ],
17 silly audit   'spdx-license-ids': [ '3.0.20' ],
17 silly audit   spdy: [ '4.0.2' ],
17 silly audit   'spdy-transport': [ '3.0.0' ],
17 silly audit   'sprintf-js': [ '1.1.3' ],
17 silly audit   stable: [ '0.1.8' ],
17 silly audit   stackframe: [ '1.3.4' ],
17 silly audit   'stdout-stream': [ '1.4.1' ],
17 silly audit   'strip-eof': [ '1.0.0' ],
17 silly audit   'strip-final-newline': [ '2.0.0' ],
17 silly audit   'strip-indent': [ '3.0.0', '2.0.0' ],
17 silly audit   'strip-json-comments': [ '3.1.1' ],
17 silly audit   stylehacks: [ '5.1.1' ],
17 silly audit   'supports-preserve-symlinks-flag': [ '1.0.0' ],
17 silly audit   'svg-tags': [ '1.0.0' ],
17 silly audit   svgo: [ '2.8.0' ],
17 silly audit   tar: [ '6.2.1' ],
17 silly audit   terser: [ '5.34.1' ],
17 silly audit   'terser-webpack-plugin': [ '5.3.10' ],
17 silly audit   'text-table': [ '0.2.0' ],
17 silly audit   thenify: [ '3.3.1' ],
17 silly audit   'thenify-all': [ '1.6.0' ],
17 silly audit   'thread-loader': [ '3.0.4' ],
17 silly audit   thunky: [ '1.1.0' ],
17 silly audit   'to-fast-properties': [ '2.0.0' ],
17 silly audit   'to-regex-range': [ '5.0.1' ],
17 silly audit   toidentifier: [ '1.0.1' ],
17 silly audit   totalist: [ '3.0.1' ],
17 silly audit   tr46: [ '0.0.3' ],
17 silly audit   'trim-newlines': [ '3.0.1' ],
17 silly audit   'true-case-path': [ '2.2.1' ],
17 silly audit   'ts-loader': [ '9.5.1' ],
17 silly audit   tslib: [ '2.7.0', '1.14.1' ],
17 silly audit   tsutils: [ '3.21.0' ],
17 silly audit   'type-check': [ '0.4.0' ],
17 silly audit   'type-is': [ '1.6.18' ],
17 silly audit   typescript: [ '4.9.5' ],
17 silly audit   'undici-types': [ '6.19.8' ],
17 silly audit   'unicode-canonical-property-names-ecmascript': [ '2.0.1' ],
17 silly audit   'unicode-match-property-ecmascript': [ '2.0.0' ],
17 silly audit   'unicode-match-property-value-ecmascript': [ '2.2.0' ],
17 silly audit   'unicode-property-aliases-ecmascript': [ '2.1.0' ],
17 silly audit   universalify: [ '2.0.1' ],
17 silly audit   unpipe: [ '1.0.0' ],
17 silly audit   'update-browserslist-db': [ '1.1.1' ],
17 silly audit   'uri-js': [ '4.4.1' ],
17 silly audit   'util-deprecate': [ '1.0.2' ],
17 silly audit   utila: [ '0.4.0' ],
17 silly audit   'utils-merge': [ '1.0.1' ],
17 silly audit   uuid: [ '8.3.2' ],
17 silly audit   'validate-npm-package-license': [ '3.0.4' ],
17 silly audit   vary: [ '1.1.2' ],
17 silly audit   vue: [ '3.5.11' ],
17 silly audit   'vue-class-component': [ '8.0.0-rc.1' ],
17 silly audit   'vue-eslint-parser': [ '9.4.3' ],
17 silly audit   'vue-hot-reload-api': [ '2.3.4' ],
17 silly audit   'vue-router': [ '4.4.5' ],
17 silly audit   'vue-style-loader': [ '4.1.3' ],
17 silly audit   'vue-template-es2015-compiler': [ '1.9.1' ],
17 silly audit   vuex: [ '4.1.0' ],
17 silly audit   watchpack: [ '2.4.2' ],
17 silly audit   wbuf: [ '1.7.3' ],
17 silly audit   wcwidth: [ '1.0.1' ],
17 silly audit   'webidl-conversions': [ '3.0.1' ],
17 silly audit   webpack: [ '5.95.0' ],
17 silly audit   'webpack-bundle-analyzer': [ '4.10.2' ],
17 silly audit   'webpack-chain': [ '6.5.1' ],
17 silly audit   'webpack-dev-middleware': [ '5.3.4' ],
17 silly audit   'webpack-dev-server': [ '4.15.2' ],
17 silly audit   ws: [ '8.18.0', '7.5.10' ],
17 silly audit   'webpack-merge': [ '5.10.0' ],
17 silly audit   'webpack-sources': [ '3.2.3' ],
17 silly audit   'webpack-virtual-modules': [ '0.4.6' ],
17 silly audit   'websocket-driver': [ '0.7.4' ],
17 silly audit   'websocket-extensions': [ '0.1.4' ],
17 silly audit   'whatwg-fetch': [ '3.6.20' ],
17 silly audit   'whatwg-url': [ '5.0.0' ],
17 silly audit   'wide-align': [ '1.1.5' ],
17 silly audit   wildcard: [ '2.0.1' ],
17 silly audit   'word-wrap': [ '1.2.5' ],
17 silly audit   wrappy: [ '1.0.2' ],
17 silly audit   'xml-name-validator': [ '4.0.0' ],
17 silly audit   y18n: [ '5.0.8' ],
17 silly audit   yaml: [ '1.10.2' ],
17 silly audit   'yocto-queue': [ '0.1.0' ],
17 silly audit   yorkie: [ '2.0.0' ]
17 silly audit }
18 verbose reify failed optional dependency C:\Users\zarip\Downloads\jd-homeworks-master\netology-diplom-frontend\node_modules\fsevents
19 silly reify mark deleted [
19 silly reify   'C:\\Users\\zarip\\Downloads\\jd-homeworks-master\\netology-diplom-frontend\\node_modules\\fsevents'
19 silly reify ]
20 verbose reify failed optional dependency C:\Users\zarip\Downloads\jd-homeworks-master\netology-diplom-frontend\node_modules\@parcel\watcher-win32-ia32
21 silly reify mark deleted [
21 silly reify   'C:\\Users\\zarip\\Downloads\\jd-homeworks-master\\netology-diplom-frontend\\node_modules\\@parcel\\watcher-win32-ia32'
21 silly reify ]
22 verbose reify failed optional dependency C:\Users\zarip\Downloads\jd-homeworks-master\netology-diplom-frontend\node_modules\@parcel\watcher-win32-arm64
23 silly reify mark deleted [
23 silly reify   'C:\\Users\\zarip\\Downloads\\jd-homeworks-master\\netology-diplom-frontend\\node_modules\\@parcel\\watcher-win32-arm64'
23 silly reify ]
24 verbose reify failed optional dependency C:\Users\zarip\Downloads\jd-homeworks-master\netology-diplom-frontend\node_modules\@parcel\watcher-linux-x64-musl
25 silly reify mark deleted [
25 silly reify   'C:\\Users\\zarip\\Downloads\\jd-homeworks-master\\netology-diplom-frontend\\node_modules\\@parcel\\watcher-linux-x64-musl'
25 silly reify ]
26 verbose reify failed optional dependency C:\Users\zarip\Downloads\jd-homeworks-master\netology-diplom-frontend\node_modules\@parcel\watcher-linux-x64-glibc
27 silly reify mark deleted [
27 silly reify   'C:\\Users\\zarip\\Downloads\\jd-homeworks-master\\netology-diplom-frontend\\node_modules\\@parcel\\watcher-linux-x64-glibc'
27 silly reify ]
28 verbose reify failed optional dependency C:\Users\zarip\Downloads\jd-homeworks-master\netology-diplom-frontend\node_modules\@parcel\watcher-linux-arm64-musl
29 silly reify mark deleted [
29 silly reify   'C:\\Users\\zarip\\Downloads\\jd-homeworks-master\\netology-diplom-frontend\\node_modules\\@parcel\\watcher-linux-arm64-musl'
29 silly reify ]
30 verbose reify failed optional dependency C:\Users\zarip\Downloads\jd-homeworks-master\netology-diplom-frontend\node_modules\@parcel\watcher-linux-arm64-glibc
31 silly reify mark deleted [
31 silly reify   'C:\\Users\\zarip\\Downloads\\jd-homeworks-master\\netology-diplom-frontend\\node_modules\\@parcel\\watcher-linux-arm64-glibc'
31 silly reify ]
32 verbose reify failed optional dependency C:\Users\zarip\Downloads\jd-homeworks-master\netology-diplom-frontend\node_modules\@parcel\watcher-linux-arm-musl
33 silly reify mark deleted [
33 silly reify   'C:\\Users\\zarip\\Downloads\\jd-homeworks-master\\netology-diplom-frontend\\node_modules\\@parcel\\watcher-linux-arm-musl'
33 silly reify ]
34 verbose reify failed optional dependency C:\Users\zarip\Downloads\jd-homeworks-master\netology-diplom-frontend\node_modules\@parcel\watcher-linux-arm-glibc
35 silly reify mark deleted [
35 silly reify   'C:\\Users\\zarip\\Downloads\\jd-homeworks-master\\netology-diplom-frontend\\node_modules\\@parcel\\watcher-linux-arm-glibc'
35 silly reify ]
36 verbose reify failed optional dependency C:\Users\zarip\Downloads\jd-homeworks-master\netology-diplom-frontend\node_modules\@parcel\watcher-freebsd-x64
37 silly reify mark deleted [
37 silly reify   'C:\\Users\\zarip\\Downloads\\jd-homeworks-master\\netology-diplom-frontend\\node_modules\\@parcel\\watcher-freebsd-x64'
37 silly reify ]
38 verbose reify failed optional dependency C:\Users\zarip\Downloads\jd-homeworks-master\netology-diplom-frontend\node_modules\@parcel\watcher-darwin-x64
39 silly reify mark deleted [
39 silly reify   'C:\\Users\\zarip\\Downloads\\jd-homeworks-master\\netology-diplom-frontend\\node_modules\\@parcel\\watcher-darwin-x64'
39 silly reify ]
40 verbose reify failed optional dependency C:\Users\zarip\Downloads\jd-homeworks-master\netology-diplom-frontend\node_modules\@parcel\watcher-darwin-arm64
41 silly reify mark deleted [
41 silly reify   'C:\\Users\\zarip\\Downloads\\jd-homeworks-master\\netology-diplom-frontend\\node_modules\\@parcel\\watcher-darwin-arm64'
41 silly reify ]
42 verbose reify failed optional dependency C:\Users\zarip\Downloads\jd-homeworks-master\netology-diplom-frontend\node_modules\@parcel\watcher-android-arm64
43 silly reify mark deleted [
43 silly reify   'C:\\Users\\zarip\\Downloads\\jd-homeworks-master\\netology-diplom-frontend\\node_modules\\@parcel\\watcher-android-arm64'
43 silly reify ]
44 http fetch POST 200 https://registry.npmjs.org/-/npm/v1/security/advisories/bulk 2382ms
45 silly audit report {
45 silly audit report   postcss: [
45 silly audit report     {
45 silly audit report       id: 1094544,
45 silly audit report       url: 'https://github.com/advisories/GHSA-7fh5-64p2-3v2j',
45 silly audit report       title: 'PostCSS line return parsing error',
45 silly audit report       severity: 'moderate',
45 silly audit report       vulnerable_versions: '<8.4.31',
45 silly audit report       cwe: [Array],
45 silly audit report       cvss: [Object]
45 silly audit report     }
45 silly audit report   ],
45 silly audit report   'cross-spawn': [
45 silly audit report     {
45 silly audit report       id: 1100562,
45 silly audit report       url: 'https://github.com/advisories/GHSA-3xgq-45jj-v275',
45 silly audit report       title: 'Regular Expression Denial of Service (ReDoS) in cross-spawn',
45 silly audit report       severity: 'high',
45 silly audit report       vulnerable_versions: '<6.0.6',
45 silly audit report       cwe: [Array],
45 silly audit report       cvss: [Object]
45 silly audit report     },
45 silly audit report     {
45 silly audit report       id: 1100563,
45 silly audit report       url: 'https://github.com/advisories/GHSA-3xgq-45jj-v275',
45 silly audit report       title: 'Regular Expression Denial of Service (ReDoS) in cross-spawn',
45 silly audit report       severity: 'high',
45 silly audit report       vulnerable_versions: '>=7.0.0 <7.0.5',
45 silly audit report       cwe: [Array],
45 silly audit report       cvss: [Object]
45 silly audit report     }
45 silly audit report   ],
45 silly audit report   nanoid: [
45 silly audit report     {
45 silly audit report       id: 1101163,
45 silly audit report       url: 'https://github.com/advisories/GHSA-mwcw-c2x4-8c55',
45 silly audit report       title: 'Predictable results in nanoid generation when given non-integer values',
45 silly audit report       severity: 'moderate',
45 silly audit report       vulnerable_versions: '<3.3.8',
45 silly audit report       cwe: [Array],
45 silly audit report       cvss: [Object]
45 silly audit report     }
45 silly audit report   ],
45 silly audit report   'path-to-regexp': [
45 silly audit report     {
45 silly audit report       id: 1101081,
45 silly audit report       url: 'https://github.com/advisories/GHSA-rhx6-c78j-4q9w',
45 silly audit report       title: 'Unpatched `path-to-regexp` ReDoS in 0.1.x',
45 silly audit report       severity: 'moderate',
45 silly audit report       vulnerable_versions: '<0.1.12',
45 silly audit report       cwe: [Array],
45 silly audit report       cvss: [Object]
45 silly audit report     }
45 silly audit report   ]
45 silly audit report }
46 silly packumentCache corgi:https://registry.npmjs.org/postcss cache-miss
47 silly packumentCache corgi:https://registry.npmjs.org/cross-spawn cache-miss
48 silly packumentCache corgi:https://registry.npmjs.org/nanoid cache-miss
49 silly packumentCache corgi:https://registry.npmjs.org/path-to-regexp cache-miss
50 http fetch GET 200 https://registry.npmjs.org/cross-spawn 2117ms (cache updated)
51 silly packumentCache corgi:https://registry.npmjs.org/cross-spawn set size:undefined disposed:false
52 http fetch GET 200 https://registry.npmjs.org/nanoid 2169ms (cache updated)
53 silly packumentCache corgi:https://registry.npmjs.org/nanoid set size:undefined disposed:false
54 http fetch GET 200 https://registry.npmjs.org/postcss 2226ms (cache updated)
55 silly packumentCache corgi:https://registry.npmjs.org/postcss set size:undefined disposed:false
56 http fetch GET 200 https://registry.npmjs.org/path-to-regexp 2381ms (cache updated)
57 silly packumentCache corgi:https://registry.npmjs.org/path-to-regexp set size:undefined disposed:false
58 silly packumentCache corgi:https://registry.npmjs.org/@vue%2fcomponent-compiler-utils cache-miss
59 http fetch GET 200 https://registry.npmjs.org/@vue%2fcomponent-compiler-utils 713ms (cache updated)
60 silly packumentCache corgi:https://registry.npmjs.org/@vue%2fcomponent-compiler-utils set size:undefined disposed:false
61 silly packumentCache corgi:https://registry.npmjs.org/execa cache-miss
62 http fetch GET 200 https://registry.npmjs.org/execa 569ms (cache updated)
63 silly packumentCache corgi:https://registry.npmjs.org/execa set size:undefined disposed:false
64 silly packumentCache corgi:https://registry.npmjs.org/eslint cache-miss
65 silly packumentCache corgi:https://registry.npmjs.org/node-sass cache-miss
66 http fetch GET 200 https://registry.npmjs.org/eslint 772ms (cache updated)
67 silly packumentCache corgi:https://registry.npmjs.org/eslint set size:undefined disposed:false
68 http fetch GET 200 https://registry.npmjs.org/node-sass 804ms (cache updated)
69 silly packumentCache corgi:https://registry.npmjs.org/node-sass set size:undefined disposed:false
70 silly packumentCache corgi:https://registry.npmjs.org/express cache-miss
71 http fetch GET 200 https://registry.npmjs.org/express 611ms (cache updated)
72 silly packumentCache corgi:https://registry.npmjs.org/express set size:undefined disposed:false
73 silly packumentCache corgi:https://registry.npmjs.org/@vue%2fcli-service cache-miss
74 silly packumentCache corgi:https://registry.npmjs.org/vue-loader cache-miss
75 http fetch GET 200 https://registry.npmjs.org/@vue%2fcli-service 800ms (cache updated)
76 silly packumentCache corgi:https://registry.npmjs.org/@vue%2fcli-service set size:undefined disposed:false
77 http fetch GET 200 https://registry.npmjs.org/vue-loader 838ms (cache updated)
78 silly packumentCache corgi:https://registry.npmjs.org/vue-loader set size:undefined disposed:false
79 silly packumentCache corgi:https://registry.npmjs.org/yorkie cache-miss
80 http fetch GET 200 https://registry.npmjs.org/yorkie 770ms (cache updated)
81 silly packumentCache corgi:https://registry.npmjs.org/yorkie set size:undefined disposed:false
82 silly packumentCache corgi:https://registry.npmjs.org/webpack-dev-server cache-miss
83 http fetch GET 200 https://registry.npmjs.org/webpack-dev-server 1309ms (cache updated)
84 silly packumentCache corgi:https://registry.npmjs.org/webpack-dev-server set size:undefined disposed:false
85 silly packumentCache corgi:https://registry.npmjs.org/@vue%2fcli-plugin-babel cache-miss
86 silly packumentCache corgi:https://registry.npmjs.org/@vue%2fcli-plugin-eslint cache-miss
87 silly packumentCache corgi:https://registry.npmjs.org/@vue%2fcli-plugin-router cache-miss
88 silly packumentCache corgi:https://registry.npmjs.org/@vue%2fcli-plugin-typescript cache-miss
89 silly packumentCache corgi:https://registry.npmjs.org/@vue%2fcli-plugin-vuex cache-miss
90 http fetch GET 200 https://registry.npmjs.org/@vue%2fcli-plugin-router 2154ms (cache updated)
91 silly packumentCache corgi:https://registry.npmjs.org/@vue%2fcli-plugin-router set size:undefined disposed:false
92 http fetch GET 200 https://registry.npmjs.org/@vue%2fcli-plugin-typescript 2168ms (cache updated)
93 silly packumentCache corgi:https://registry.npmjs.org/@vue%2fcli-plugin-typescript set size:undefined disposed:false
94 http fetch GET 200 https://registry.npmjs.org/@vue%2fcli-plugin-eslint 2186ms (cache updated)
95 silly packumentCache corgi:https://registry.npmjs.org/@vue%2fcli-plugin-eslint set size:undefined disposed:false
96 http fetch GET 200 https://registry.npmjs.org/@vue%2fcli-plugin-babel 2372ms (cache updated)
97 silly packumentCache corgi:https://registry.npmjs.org/@vue%2fcli-plugin-babel set size:undefined disposed:false
98 http fetch GET 200 https://registry.npmjs.org/@vue%2fcli-plugin-vuex 3307ms (cache updated)
99 silly packumentCache corgi:https://registry.npmjs.org/@vue%2fcli-plugin-vuex set size:undefined disposed:false
100 silly ADD
101 silly ADD
102 silly ADD
103 silly ADD
104 silly ADD
105 silly ADD
106 silly ADD
107 silly ADD
108 silly ADD
109 silly ADD
110 silly ADD
111 silly ADD
112 silly ADD
113 verbose cwd C:\Users\zarip\Downloads\jd-homeworks-master\netology-diplom-frontend
114 verbose os Windows_NT 10.0.19045
115 verbose node v23.5.0
116 verbose npm  v10.9.2
117 verbose exit 0
118 info ok
